[debug] [2021-09-20T07:19:16.120Z] ----------------------------------------------------------------------
[debug] [2021-09-20T07:19:16.122Z] Command:       /Users/hrkmtsmt/.nodebrew/node/v16.3.0/bin/node /Users/hrkmtsmt/.nodebrew/current/bin/firebase init
[debug] [2021-09-20T07:19:16.122Z] CLI Version:   9.18.0
[debug] [2021-09-20T07:19:16.122Z] Platform:      darwin
[debug] [2021-09-20T07:19:16.123Z] Node Version:  v16.3.0
[debug] [2021-09-20T07:19:16.124Z] Time:          Mon Sep 20 2021 16:19:16 GMT+0900 (日本標準時)
[debug] [2021-09-20T07:19:16.124Z] ----------------------------------------------------------------------
[debug] 
[debug] [2021-09-20T07:19:16.126Z] >>> [apiv2][query] GET https://firebase-public.firebaseio.com/cli.json [none]
[debug] [2021-09-20T07:19:16.146Z] > command requires scopes: ["email","openid","https://www.googleapis.com/auth/cloudplatformprojects.readonly","https://www.googleapis.com/auth/firebase","https://www.googleapis.com/auth/cloud-platform"]
[debug] [2021-09-20T07:19:16.146Z] > authorizing via signed-in user (hrkmtsmt.mail@gmail.com)
[info] 
     ######## #### ########  ######## ########     ###     ######  ########
     ##        ##  ##     ## ##       ##     ##  ##   ##  ##       ##
     ######    ##  ########  ######   ########  #########  ######  ######
     ##        ##  ##    ##  ##       ##     ## ##     ##       ## ##
     ##       #### ##     ## ######## ########  ##     ##  ######  ########

You're about to initialize a Firebase project in this directory:

  /Users/hrkmtsmt/Projects/react-auth

[debug] [2021-09-20T07:19:16.717Z] <<< [apiv2][status] GET https://firebase-public.firebaseio.com/cli.json 200
[debug] [2021-09-20T07:19:16.717Z] <<< [apiv2][body] GET https://firebase-public.firebaseio.com/cli.json {"cloudBuildErrorAfter":1594252800000,"cloudBuildWarnAfter":1590019200000,"defaultNode10After":1594252800000,"minVersion":"3.0.5","node8DeploysDisabledAfter":1613390400000,"node8RuntimeDisabledAfter":1615809600000,"node8WarnAfter":1600128000000}
[info] 
=== Project Setup
[info] 
[info] First, let's associate this project directory with a Firebase project.
[info] You can create multiple project aliases by running firebase use --add, 
[info] but for now we'll just set up a default project.
[info] 
[debug] [2021-09-20T07:20:48.358Z] > refreshing access token with scopes: []
[debug] [2021-09-20T07:20:48.358Z] >>> HTTP REQUEST POST https://www.googleapis.com/oauth2/v3/token  
 <request body omitted>
[debug] [2021-09-20T07:20:48.643Z] <<< HTTP RESPONSE 200 {"date":"Mon, 20 Sep 2021 07:20:48 GMT","pragma":"no-cache","expires":"Mon, 01 Jan 1990 00:00:00 GMT","cache-control":"no-cache, no-store, max-age=0, must-revalidate","content-type":"application/json; charset=utf-8","vary":"X-Origin, Referer, Origin,Accept-Encoding","server":"scaffolding on HTTPServer2","x-xss-protection":"0","x-frame-options":"SAMEORIGIN","x-content-type-options":"nosniff","alt-svc":"h3=\":443\"; ma=2592000,h3-29=\":443\"; ma=2592000,h3-T051=\":443\"; ma=2592000,h3-Q050=\":443\"; ma=2592000,h3-Q046=\":443\"; ma=2592000,h3-Q043=\":443\"; ma=2592000,quic=\":443\"; ma=2592000; v=\"46,43\"","accept-ranges":"none","transfer-encoding":"chunked"}
[debug] [2021-09-20T07:20:48.697Z] >>> [apiv2][query] GET https://firebase.googleapis.com/v1beta1/projects pageSize=100
[debug] [2021-09-20T07:20:49.790Z] <<< [apiv2][status] GET https://firebase.googleapis.com/v1beta1/projects 200
[debug] [2021-09-20T07:20:49.790Z] <<< [apiv2][body] GET https://firebase.googleapis.com/v1beta1/projects [omitted]
[info] i  Using project react-autth (react-autth) 
[info] 
=== Hosting:github Setup
[info] 
[info] i  Detected a .git folder at /Users/hrkmtsmt 
[info] i  Authorizing with GitHub to upload your service account to a GitHub repository's secrets store. 
[info] 
[info] Visit this URL on this device to log in:
[info] https://github.com/login/oauth/authorize?client_id=89cf50f02ac6aaed3484&state=970621224&redirect_uri=http%3A%2F%2Flocalhost%3A9005&scope=read%3Auser%20repo%20public_repo
[info] 
[info] Waiting for authentication...
[debug] [2021-09-20T07:20:53.106Z] >>> HTTP REQUEST POST https://github.com/login/oauth/access_token  
 {"client_id":"89cf50f02ac6aaed3484","client_secret":"3330d14abc895d9a74d5f17cd7a00711fa2c5bf0","code":"00990769bc8f7724f585","redirect_uri":"http://localhost:9005","state":"970621224"}
[debug] [2021-09-20T07:20:53.486Z] <<< HTTP RESPONSE 200 {"server":"GitHub.com","date":"Mon, 20 Sep 2021 07:20:53 GMT","content-type":"application/json; charset=utf-8","transfer-encoding":"chunked","vary":"X-PJAX, X-PJAX-Container, Accept-Encoding, Accept, X-Requested-With","permissions-policy":"interest-cohort=()","etag":"W/\"7cf57efb4450b2b5091a4c6ef2a9eab5\"","cache-control":"max-age=0, private, must-revalidate","strict-transport-security":"max-age=31536000; includeSubdomains; preload","x-frame-options":"deny","x-content-type-options":"nosniff","x-xss-protection":"0","referrer-policy":"origin-when-cross-origin, strict-origin-when-cross-origin","expect-ct":"max-age=2592000, report-uri=\"https://api.github.com/_private/browser/errors\"","content-security-policy":"default-src 'none'; base-uri 'self'; block-all-mixed-content; child-src github.githubassets.com; connect-src 'self' uploads.github.com www.githubstatus.com collector.githubapp.com api.github.com github-cloud.s3.amazonaws.com github-production-repository-file-5c1aeb.s3.amazonaws.com github-production-upload-manifest-file-7fdce7.s3.amazonaws.com github-production-user-asset-6210df.s3.amazonaws.com cdn.optimizely.com logx.optimizely.com/v1/events translator.github.com wss://alive.github.com; font-src github.githubassets.com; form-action 'self' github.com gist.github.com; frame-ancestors 'none'; frame-src render.githubusercontent.com viewscreen.githubusercontent.com; img-src 'self' data: github.githubassets.com identicons.github.com collector.githubapp.com github-cloud.s3.amazonaws.com secured-user-images.githubusercontent.com/ *.githubusercontent.com; manifest-src 'self'; media-src github.com user-images.githubusercontent.com/; script-src github.githubassets.com; style-src 'unsafe-inline' github.githubassets.com; worker-src github.githubassets.com github.com/socket-worker-0af8a29d.js gist.github.com/socket-worker-0af8a29d.js","x-github-request-id":"D681:78AD:531482:666911:61483655"}
[debug] [2021-09-20T07:20:53.490Z] >>> [apiv2][query] GET https://api.github.com/user [none]
[debug] [2021-09-20T07:20:53.980Z] <<< [apiv2][status] GET https://api.github.com/user 200
[debug] [2021-09-20T07:20:53.981Z] <<< [apiv2][body] GET https://api.github.com/user {"login":"hrkmtsmt","id":61786604,"node_id":"MDQ6VXNlcjYxNzg2NjA0","avatar_url":"https://avatars.githubusercontent.com/u/61786604?v=4","gravatar_id":"","url":"https://api.github.com/users/hrkmtsmt","html_url":"https://github.com/hrkmtsmt","followers_url":"https://api.github.com/users/hrkmtsmt/followers","following_url":"https://api.github.com/users/hrkmtsmt/following{/other_user}","gists_url":"https://api.github.com/users/hrkmtsmt/gists{/gist_id}","starred_url":"https://api.github.com/users/hrkmtsmt/starred{/owner}{/repo}","subscriptions_url":"https://api.github.com/users/hrkmtsmt/subscriptions","organizations_url":"https://api.github.com/users/hrkmtsmt/orgs","repos_url":"https://api.github.com/users/hrkmtsmt/repos","events_url":"https://api.github.com/users/hrkmtsmt/events{/privacy}","received_events_url":"https://api.github.com/users/hrkmtsmt/received_events","type":"User","site_admin":false,"name":"hrkmtsmt","company":null,"blog":"hrkmtsmt.com","location":null,"email":null,"hireable":null,"bio":null,"twitter_username":"hrkmtsmt","public_repos":9,"public_gists":0,"followers":0,"following":1,"created_at":"2020-03-04T12:17:32Z","updated_at":"2021-09-16T16:37:00Z","private_gists":0,"total_private_repos":1,"owned_private_repos":1,"disk_usage":6465,"collaborators":0,"two_factor_authentication":false,"plan":{"name":"free","space":976562499,"collaborators":0,"private_repos":10000}}
[info] 
[info] ✔  Success! Logged into GitHub as hrkmtsmt 
[info] 
